0.9.2 UPDATE ( 08 / 09 / 2014 )

- 加入 Emoji 全鍵盤

- 加入 一鍵備份 / 還原 詞庫功能

- 整合 QWERTY 英文鍵盤 ( 仍然沒有聯想及修正功能 )

-

0.9.0 UPDATE ( 02 / 09 / 2014 )

- 加入 長按候選字反查功能

- 加入 全自定義功能設置菜單

- 大修 筆劃界面

- 提高 輸入法穩定性及速度

- 改用 正式版本 ( RELEASE ) 代替測試版本 ( DEBUG )

- 修復 快速點擊切換鍵時可能發生的假死問題

- 改善 英文鍵盤 SHIFT 鍵操作

- 加入 設置菜單 查字功能

- 加入 輸入法中 長按 候選字 可顯示字碼

- 加入 一鍵重啟輸入法服務

- 修復 筆劃英文鍵盤符號是全形的問題

0.8.8 UPDATE ( 16 / 08 / 2014 )

- 加入 粵語拼音 By Amanda Lam

- 加入 潮語 By Amanda Lam

0.8.4 UPDATE ( 08 / 08 / 2014 )

- 緊急修復 切換鍵失效問題

0.8.4 UPDATE ( 08 / 08 / 2014 )

- 加入 倉頡三版及五版碼表 ( 取自 IBUS )

- 補充 香港常用字

- 修復 全屏侯選字欄多佔用一行的問題

- 修復 開啟詞庫後沒有關閉線程 導致越用越用越卡頓的問題

- 改善 輸入法速度

- 加入 速成、倉頡、聯想字庫的字頻

0.8.2 UPDATE ( 02 / 08 / 2014 )

- 修改 速成、倉頡及英文按鍵寬度

- 加入 筆劃輸入法下 QWERTY 英文及符號全鍵盤
